<!DOCTYPE html PUBLIC "-//W3C//DTD XHTML 1.1//EN" "http://www.w3.org/TR/xhtml11/DTD/xhtml11.dtd">
<html xmlns="http://www.w3.org/1999/xhtml"><head><title>TestNG Report</title><style type="text/css">table {margin-bottom:10px;border-collapse:collapse;empty-cells:show}th,td {border:1px solid #009;padding:.25em .5em}th {vertical-align:bottom}td {vertical-align:top}table a {font-weight:bold}.stripe td {background-color: #E6EBF9}.num {text-align:right}.passedodd td {background-color: #3F3}.passedeven td {background-color: #0A0}.skippedodd td {background-color: #DDD}.skippedeven td {background-color: #CCC}.failedodd td,.attn {background-color: #F33}.failedeven td,.stripe .attn {background-color: #D00}.stacktrace {white-space:pre;font-family:monospace}.totop {font-size:85%;text-align:center;border-bottom:2px solid #000}</style></head><body><table><tr><th>Test</th><th># Passed</th><th># Skipped</th><th># Failed</th><th>Time (ms)</th><th>Included Groups</th><th>Excluded Groups</th></tr><tr><th colspan="7">Default Suite</th></tr><tr><td><a href="#t0">Command line test 40373e50-3c60-49fe-89a4-549bfb5df4aa</a></td><td class="num">0</td><td class="num">0</td><td class="num attn">1</td><td class="num">55,937</td><td></td><td></td></tr><tr class="stripe"><td><a href="#t1">Command line test d503011b-cbda-40ae-b13f-eec8951ee2d9</a></td><td class="num">0</td><td class="num attn">1</td><td class="num">0</td><td class="num">67,983</td><td></td><td></td></tr><tr><th>Total</th><th class="num">0</th><th class="num attn">1</th><th class="num attn">1</th><th class="num">123,920</th><th colspan="2"></th></tr></table><table id='summary'><thead><tr><th>Class</th><th>Method</th><th>Start</th><th>Time (ms)</th></tr></thead><tbody><tr><th colspan="4">Default Suite</th></tr></tbody><tbody id="t0"><tr><th colspan="4">Command line test 40373e50-3c60-49fe-89a4-549bfb5df4aa &#8212; failed (configuration methods)</th></tr><tr class="failedeven"><td rowspan="1">test.TestcaseCreation</td><td><a href="#m0">testAfterClass</a></td><td rowspan="1">1587990771426</td><td rowspan="1">12292</td></tr><tr><th colspan="4">Command line test 40373e50-3c60-49fe-89a4-549bfb5df4aa &#8212; failed</th></tr><tr class="failedeven"><td rowspan="1">test.TestcaseCreation</td><td><a href="#m1">testCaseCreation</a></td><td rowspan="1">1587990768049</td><td rowspan="1">3055</td></tr></tbody><tbody id="t1"><tr><th colspan="4">Command line test d503011b-cbda-40ae-b13f-eec8951ee2d9 &#8212; failed (configuration methods)</th></tr><tr class="failedeven"><td rowspan="1">test.TestAddDocument</td><td><a href="#m2">testBeforeClass</a></td><td rowspan="1">1587990783867</td><td rowspan="1">67982</td></tr><tr><th colspan="4">Command line test d503011b-cbda-40ae-b13f-eec8951ee2d9 &#8212; skipped (configuration methods)</th></tr><tr class="skippedeven"><td rowspan="1">test.TestAddDocument</td><td><a href="#m3">testAfterClass</a></td><td rowspan="1">1587990851850</td><td rowspan="1">0</td></tr><tr><th colspan="4">Command line test d503011b-cbda-40ae-b13f-eec8951ee2d9 &#8212; skipped</th></tr><tr class="skippedeven"><td rowspan="1">test.TestAddDocument</td><td><a href="#m4">testAddDocument</a></td><td rowspan="1">1587990851849</td><td rowspan="1">1</td></tr></tbody></table><h2>Command line test 40373e50-3c60-49fe-89a4-549bfb5df4aa</h2><h3 id="m0">test.TestcaseCreation#testAfterClass</h3><table class="result"><tr><th>Exception</th></tr><tr><td><div class="stacktrace">org.openqa.selenium.TimeoutException: Expected condition failed: waiting for element to be clickable: Proxy element for: DefaultElementLocator &apos;By.xpath: //div[@class=&apos;v-slot v-slot-logout v-align-middle&apos;]/child::div/child::span&apos; (tried for 10 second(s) with 500 milliseconds interval)
	at org.openqa.selenium.support.ui.WebDriverWait.timeoutException(WebDriverWait.java:95)
	at org.openqa.selenium.support.ui.FluentWait.until(FluentWait.java:272)
	at pages.webAction.driverUntilWait(webAction.java:323)
	at pages.webAction.closeDriver(webAction.java:146)
	at test.TestcaseCreation.testAfterClass(TestcaseCreation.java:44)
	at test.PatriciaTestNGXML.xml(PatriciaTestNGXML.java:146)
	at test.PatriciaTestNGXML.main(PatriciaTestNGXML.java:153)
Caused by: org.openqa.selenium.NoSuchElementException: no such element: Unable to locate element: {&quot;method&quot;:&quot;xpath&quot;,&quot;selector&quot;:&quot;//div[@class=&apos;v-slot v-slot-logout v-align-middle&apos;]/child::div/child::span&quot;}
  (Session info: chrome=81.0.4044.122)
For documentation on this error, please visit: https://www.seleniumhq.org/exceptions/no_such_element.html
Build info: version: &apos;3.141.59&apos;, revision: &apos;e82be7d358&apos;, time: &apos;2018-11-14T08:17:03&apos;
System info: host: &apos;ZS-DSK-0014&apos;, ip: &apos;192.168.0.226&apos;, os.name: &apos;Windows 10&apos;, os.arch: &apos;amd64&apos;, os.version: &apos;10.0&apos;, java.version: &apos;1.8.0_231&apos;
Driver info: org.openqa.selenium.chrome.ChromeDriver
Capabilities {acceptInsecureCerts: false, browserName: chrome, browserVersion: 81.0.4044.122, chrome: {chromedriverVersion: 80.0.3987.106 (f68069574609..., userDataDir: C:\Users\SELVAM~1.ZUC\AppDa...}, goog:chromeOptions: {debuggerAddress: localhost:50585}, javascriptEnabled: true, networkConnectionEnabled: false, pageLoadStrategy: normal, platform: WINDOWS, platformName: WINDOWS, proxy: Proxy(), setWindowRect: true, strictFileInteractability: false, timeouts: {implicit: 0, pageLoad: 300000, script: 30000}, unhandledPromptBehavior: dismiss and notify}
Session ID: 7bce40066e4127ea3c95847058d6f0c6
*** Element info: {Using=xpath, value=//div[@class=&apos;v-slot v-slot-logout v-align-middle&apos;]/child::div/child::span}
	at org.openqa.selenium.remote.http.W3CHttpResponseCodec.createException(W3CHttpResponseCodec.java:187)
	at org.openqa.selenium.remote.http.W3CHttpResponseCodec.decode(W3CHttpResponseCodec.java:122)
	at org.openqa.selenium.remote.http.W3CHttpResponseCodec.decode(W3CHttpResponseCodec.java:49)
	at org.openqa.selenium.remote.HttpCommandExecutor.execute(HttpCommandExecutor.java:158)
	at org.openqa.selenium.remote.service.DriverCommandExecutor.execute(DriverCommandExecutor.java:83)
	at org.openqa.selenium.remote.RemoteWebDriver.execute(RemoteWebDriver.java:552)
	at org.openqa.selenium.remote.RemoteWebDriver.findElement(RemoteWebDriver.java:323)
	at org.openqa.selenium.remote.RemoteWebDriver.findElementByXPath(RemoteWebDriver.java:428)
	at org.openqa.selenium.By$ByXPath.findElement(By.java:353)
	at org.openqa.selenium.remote.RemoteWebDriver.findElement(RemoteWebDriver.java:315)
	at org.openqa.selenium.support.pagefactory.DefaultElementLocator.findElement(DefaultElementLocator.java:69)
	at org.openqa.selenium.support.pagefactory.internal.LocatingElementHandler.invoke(LocatingElementHandler.java:38)
	at com.sun.proxy.$Proxy10.isDisplayed(Unknown Source)
	at org.openqa.selenium.support.ui.ExpectedConditions.elementIfVisible(ExpectedConditions.java:314)
	at org.openqa.selenium.support.ui.ExpectedConditions.access$000(ExpectedConditions.java:43)
	at org.openqa.selenium.support.ui.ExpectedConditions$10.apply(ExpectedConditions.java:300)
	at org.openqa.selenium.support.ui.ExpectedConditions$10.apply(ExpectedConditions.java:297)
	at org.openqa.selenium.support.ui.ExpectedConditions$23.apply(ExpectedConditions.java:670)
	at org.openqa.selenium.support.ui.ExpectedConditions$23.apply(ExpectedConditions.java:666)
	at org.openqa.selenium.support.ui.FluentWait.until(FluentWait.java:249)
	... 27 more
... Removed 25 stack frames</div></td></tr></table><p class="totop"><a href="#summary">back to summary</a></p><h3 id="m1">test.TestcaseCreation#testCaseCreation</h3><table class="result"><tr class="param"><th>Parameter #1</th><th>Parameter #2</th><th>Parameter #3</th></tr><tr class="param stripe"><td>Trademark</td><td>No</td><td>No</td></tr><tr><th colspan="3">Exception</th></tr><tr><td colspan="3"><div class="stacktrace">java.lang.AssertionError:  Could not login to the application
	at pages.webAction.loginToPatricia(webAction.java:214)
	at test.TestcaseCreation.testCaseCreation(TestcaseCreation.java:31)
	at test.PatriciaTestNGXML.xml(PatriciaTestNGXML.java:146)
	at test.PatriciaTestNGXML.main(PatriciaTestNGXML.java:153)
... Removed 23 stack frames</div></td></tr></table><p class="totop"><a href="#summary">back to summary</a></p><h2>Command line test d503011b-cbda-40ae-b13f-eec8951ee2d9</h2><h3 id="m2">test.TestAddDocument#testBeforeClass</h3><table class="result"><tr><th>Exception</th></tr><tr><td><div class="stacktrace">java.lang.AssertionError:  Could not navigate to the Application Login page
	at pages.webAction.getUrl(webAction.java:189)
	at pages.webAction.before_Class(webAction.java:123)
	at test.TestAddDocument.testBeforeClass(TestAddDocument.java:16)
	at test.PatriciaTestNGXML.xml(PatriciaTestNGXML.java:146)
	at test.PatriciaTestNGXML.main(PatriciaTestNGXML.java:153)
... Removed 23 stack frames</div></td></tr></table><p class="totop"><a href="#summary">back to summary</a></p><h3 id="m3">test.TestAddDocument#testAfterClass</h3><table class="result"></table><p class="totop"><a href="#summary">back to summary</a></p><h3 id="m4">test.TestAddDocument#testAddDocument</h3><table class="result"><tr><th>Exception</th></tr><tr><td><div class="stacktrace">java.lang.AssertionError:  Could not navigate to the Application Login page
	at pages.webAction.getUrl(webAction.java:189)
	at pages.webAction.before_Class(webAction.java:123)
	at test.TestAddDocument.testBeforeClass(TestAddDocument.java:16)
	at test.PatriciaTestNGXML.xml(PatriciaTestNGXML.java:146)
	at test.PatriciaTestNGXML.main(PatriciaTestNGXML.java:153)
... Removed 23 stack frames</div></td></tr></table><p class="totop"><a href="#summary">back to summary</a></p></body></html>