
@RegressionTest
Scenario Outline: Search for a product                   # src/test/java/flipkartFeatureFile/ApplicationLoginAndsearch.feature:25
  When Launch flipkart application                       # flipkartStepDef.LoginAndSearchStepDef.launch_flipkart_application()
  When Enter "8144855487" and "Selva@2000"               # flipkartStepDef.LoginAndSearchStepDef.enter_and(java.lang.String,java.lang.String)
  Then User should be successfully navigated to Homepage # flipkartStepDef.LoginAndSearchStepDef.user_should_be_successfully_navigated_to_Homepage()
  When Enter "Mobilephone" to search                     # flipkartStepDef.LoginAndSearchStepDef.enter_to_search(java.lang.String)
  Then Product should be successfully searched           # flipkartStepDef.LoginAndSearchStepDef.product_should_be_successfully_searched()
  And Logout from the application                        # flipkartStepDef.LoginAndSearchStepDef.logout_from_the_application()
      org.openqa.selenium.TimeoutException: Expected condition failed: waiting for element to be clickable: Proxy element for: DefaultElementLocator 'By.xpath: //div[text()='Logout']' (tried for 8 second(s) with 500 milliseconds interval)
	at org.openqa.selenium.support.ui.WebDriverWait.timeoutException(WebDriverWait.java:95)
	at org.openqa.selenium.support.ui.FluentWait.until(FluentWait.java:272)
	at flipkartPages.FlipkartProduct.waitUntil(FlipkartProduct.java:162)
	at flipkartPages.FlipkartProduct.finalsetup(FlipkartProduct.java:336)
	at flipkartStepDef.LoginAndSearchStepDef.logout_from_the_application(LoginAndSearchStepDef.java:41)
	at ✽.Logout from the application(file:///C:/Users/selvamuthukumar.g.ZUCISYSTEMS/OneDrive%20-%20zucisystems.com/SG/M_Poc/Mariner/src/test/java/flipkartFeatureFile/ApplicationLoginAndsearch.feature:21)
Caused by: org.openqa.selenium.NoSuchElementException: no such element: Unable to locate element: {"method":"xpath","selector":"//div[text()='Logout']"}
  (Session info: chrome=80.0.3987.149)
For documentation on this error, please visit: https://www.seleniumhq.org/exceptions/no_such_element.html
Build info: version: '3.141.59', revision: 'e82be7d358', time: '2018-11-14T08:17:03'
System info: host: 'ZS-DSK-0014', ip: '192.168.0.226', os.name: 'Windows 10', os.arch: 'amd64', os.version: '10.0', java.version: '1.8.0_231'
Driver info: org.openqa.selenium.chrome.ChromeDriver
Capabilities {acceptInsecureCerts: false, browserName: chrome, browserVersion: 80.0.3987.149, chrome: {chromedriverVersion: 80.0.3987.106 (f68069574609..., userDataDir: C:\Users\SELVAM~1.ZUC\AppDa...}, goog:chromeOptions: {debuggerAddress: localhost:62942}, javascriptEnabled: true, networkConnectionEnabled: false, pageLoadStrategy: normal, platform: WINDOWS, platformName: WINDOWS, proxy: Proxy(), setWindowRect: true, strictFileInteractability: false, timeouts: {implicit: 0, pageLoad: 300000, script: 30000}, unhandledPromptBehavior: dismiss and notify}
Session ID: 46ace25526a59638d328db4dacc26846
*** Element info: {Using=xpath, value=//div[text()='Logout']}
	at sun.reflect.GeneratedConstructorAccessor15.newInstance(Unknown Source)
	at sun.reflect.DelegatingConstructorAccessorImpl.newInstance(DelegatingConstructorAccessorImpl.java:45)
	at java.lang.reflect.Constructor.newInstance(Constructor.java:423)
	at org.openqa.selenium.remote.http.W3CHttpResponseCodec.createException(W3CHttpResponseCodec.java:187)
	at org.openqa.selenium.remote.http.W3CHttpResponseCodec.decode(W3CHttpResponseCodec.java:122)
	at org.openqa.selenium.remote.http.W3CHttpResponseCodec.decode(W3CHttpResponseCodec.java:49)
	at org.openqa.selenium.remote.HttpCommandExecutor.execute(HttpCommandExecutor.java:158)
	at org.openqa.selenium.remote.service.DriverCommandExecutor.execute(DriverCommandExecutor.java:83)
	at org.openqa.selenium.remote.RemoteWebDriver.execute(RemoteWebDriver.java:552)
	at org.openqa.selenium.remote.RemoteWebDriver.findElement(RemoteWebDriver.java:323)
	at org.openqa.selenium.remote.RemoteWebDriver.findElementByXPath(RemoteWebDriver.java:428)
	at org.openqa.selenium.By$ByXPath.findElement(By.java:353)
	at org.openqa.selenium.remote.RemoteWebDriver.findElement(RemoteWebDriver.java:315)
	at org.openqa.selenium.support.pagefactory.DefaultElementLocator.findElement(DefaultElementLocator.java:69)
	at org.openqa.selenium.support.pagefactory.internal.LocatingElementHandler.invoke(LocatingElementHandler.java:38)
	at com.sun.proxy.$Proxy19.isDisplayed(Unknown Source)
	at org.openqa.selenium.support.ui.ExpectedConditions.elementIfVisible(ExpectedConditions.java:314)
	at org.openqa.selenium.support.ui.ExpectedConditions.access$000(ExpectedConditions.java:43)
	at org.openqa.selenium.support.ui.ExpectedConditions$10.apply(ExpectedConditions.java:300)
	at org.openqa.selenium.support.ui.ExpectedConditions$10.apply(ExpectedConditions.java:297)
	at org.openqa.selenium.support.ui.ExpectedConditions$23.apply(ExpectedConditions.java:670)
	at org.openqa.selenium.support.ui.ExpectedConditions$23.apply(ExpectedConditions.java:666)
	at org.openqa.selenium.support.ui.FluentWait.until(FluentWait.java:249)
	at flipkartPages.FlipkartProduct.waitUntil(FlipkartProduct.java:162)
	at flipkartPages.FlipkartProduct.finalsetup(FlipkartProduct.java:336)
	at flipkartStepDef.LoginAndSearchStepDef.logout_from_the_application(LoginAndSearchStepDef.java:41)
	at sun.reflect.NativeMethodAccessorImpl.invoke0(Native Method)
	at sun.reflect.NativeMethodAccessorImpl.invoke(NativeMethodAccessorImpl.java:62)
	at sun.reflect.DelegatingMethodAccessorImpl.invoke(DelegatingMethodAccessorImpl.java:43)
	at java.lang.reflect.Method.invoke(Method.java:498)
	at io.cucumber.java.Invoker.invoke(Invoker.java:27)
	at io.cucumber.java.JavaStepDefinition.execute(JavaStepDefinition.java:27)
	at io.cucumber.core.runner.PickleStepDefinitionMatch.runStep(PickleStepDefinitionMatch.java:63)
	at io.cucumber.core.runner.TestStep.executeStep(TestStep.java:64)
	at io.cucumber.core.runner.TestStep.run(TestStep.java:49)
	at io.cucumber.core.runner.PickleStepTestStep.run(PickleStepTestStep.java:46)
	at io.cucumber.core.runner.TestCase.run(TestCase.java:51)
	at io.cucumber.core.runner.Runner.runPickle(Runner.java:66)
	at io.cucumber.junit.PickleRunners$NoStepDescriptions.run(PickleRunners.java:149)
	at io.cucumber.junit.FeatureRunner.runChild(FeatureRunner.java:83)
	at io.cucumber.junit.FeatureRunner.runChild(FeatureRunner.java:24)
	at org.junit.runners.ParentRunner$3.run(ParentRunner.java:290)
	at org.junit.runners.ParentRunner$1.schedule(ParentRunner.java:71)
	at org.junit.runners.ParentRunner.runChildren(ParentRunner.java:288)
	at org.junit.runners.ParentRunner.access$000(ParentRunner.java:58)
	at org.junit.runners.ParentRunner$2.evaluate(ParentRunner.java:268)
	at org.junit.runners.ParentRunner.run(ParentRunner.java:363)
	at io.cucumber.junit.Cucumber.runChild(Cucumber.java:185)
	at io.cucumber.junit.Cucumber.runChild(Cucumber.java:83)
	at org.junit.runners.ParentRunner$3.run(ParentRunner.java:290)
	at org.junit.runners.ParentRunner$1.schedule(ParentRunner.java:71)
	at org.junit.runners.ParentRunner.runChildren(ParentRunner.java:288)
	at org.junit.runners.ParentRunner.access$000(ParentRunner.java:58)
	at org.junit.runners.ParentRunner$2.evaluate(ParentRunner.java:268)
	at io.cucumber.junit.Cucumber$RunCucumber.evaluate(Cucumber.java:219)
	at org.junit.internal.runners.statements.RunBefores.evaluate(RunBefores.java:26)
	at org.junit.internal.runners.statements.RunAfters.evaluate(RunAfters.java:27)
	at org.junit.runners.ParentRunner.run(ParentRunner.java:363)
	at org.eclipse.jdt.internal.junit4.runner.JUnit4TestReference.run(JUnit4TestReference.java:86)
	at org.eclipse.jdt.internal.junit.runner.TestExecution.run(TestExecution.java:38)
	at org.eclipse.jdt.internal.junit.runner.RemoteTestRunner.runTests(RemoteTestRunner.java:538)
	at org.eclipse.jdt.internal.junit.runner.RemoteTestRunner.runTests(RemoteTestRunner.java:760)
	at org.eclipse.jdt.internal.junit.runner.RemoteTestRunner.run(RemoteTestRunner.java:460)
	at org.eclipse.jdt.internal.junit.runner.RemoteTestRunner.main(RemoteTestRunner.java:206)


@RegressionTest
Scenario Outline: Search for a product                   # src/test/java/flipkartFeatureFile/ApplicationLoginAndsearch.feature:26
  When Launch flipkart application                       # flipkartStepDef.LoginAndSearchStepDef.launch_flipkart_application()
  When Enter "8144855487" and "Selva@2000"               # flipkartStepDef.LoginAndSearchStepDef.enter_and(java.lang.String,java.lang.String)
  Then User should be successfully navigated to Homepage # flipkartStepDef.LoginAndSearchStepDef.user_should_be_successfully_navigated_to_Homepage()
  When Enter "noresult" to search                        # flipkartStepDef.LoginAndSearchStepDef.enter_to_search(java.lang.String)
  Then Product should be successfully searched           # flipkartStepDef.LoginAndSearchStepDef.product_should_be_successfully_searched()
      java.lang.AssertionError: No search result found
	at org.junit.Assert.fail(Assert.java:88)
	at flipkartPages.FlipkartProduct.validateSearch(FlipkartProduct.java:232)
	at flipkartStepDef.LoginAndSearchStepDef.product_should_be_successfully_searched(LoginAndSearchStepDef.java:51)
	at ✽.Product should be successfully searched(file:///C:/Users/selvamuthukumar.g.ZUCISYSTEMS/OneDrive%20-%20zucisystems.com/SG/M_Poc/Mariner/src/test/java/flipkartFeatureFile/ApplicationLoginAndsearch.feature:20)

  And Logout from the application                        # flipkartStepDef.LoginAndSearchStepDef.logout_from_the_application()
