<!DOCTYPE html PUBLIC "-//W3C//DTD XHTML 1.1//EN" "http://www.w3.org/TR/xhtml11/DTD/xhtml11.dtd">
<html xmlns="http://www.w3.org/1999/xhtml"><head><title>TestNG Report</title><style type="text/css">table {margin-bottom:10px;border-collapse:collapse;empty-cells:show}th,td {border:1px solid #009;padding:.25em .5em}th {vertical-align:bottom}td {vertical-align:top}table a {font-weight:bold}.stripe td {background-color: #E6EBF9}.num {text-align:right}.passedodd td {background-color: #3F3}.passedeven td {background-color: #0A0}.skippedodd td {background-color: #DDD}.skippedeven td {background-color: #CCC}.failedodd td,.attn {background-color: #F33}.failedeven td,.stripe .attn {background-color: #D00}.stacktrace {white-space:pre;font-family:monospace}.totop {font-size:85%;text-align:center;border-bottom:2px solid #000}</style></head><body><table><tr><th>Test</th><th># Passed</th><th># Skipped</th><th># Failed</th><th>Time (ms)</th><th>Included Groups</th><th>Excluded Groups</th></tr><tr><th colspan="7">Poc_suite</th></tr><tr><td><a href="#t0">test_AddDocument</a></td><td class="num">0</td><td class="num">0</td><td class="num attn">1</td><td class="num">23</td><td></td><td></td></tr><tr class="stripe"><td><a href="#t1">test_CaseCreation</a></td><td class="num">0</td><td class="num">0</td><td class="num attn">1</td><td class="num">57,011</td><td></td><td></td></tr><tr><td><a href="#t2">test_DocumentPreview</a></td><td class="num">1</td><td class="num">0</td><td class="num">0</td><td class="num">35,150</td><td></td><td></td></tr><tr><th>Total</th><th class="num">1</th><th class="num">0</th><th class="num attn">2</th><th class="num">92,184</th><th colspan="2"></th></tr></table><table id='summary'><thead><tr><th>Class</th><th>Method</th><th>Start</th><th>Time (ms)</th></tr></thead><tbody><tr><th colspan="4">Poc_suite</th></tr></tbody><tbody id="t0"><tr><th colspan="4">test_AddDocument &#8212; failed</th></tr><tr class="failedeven"><td rowspan="1">TestPatrixmaven.TestAddDocument</td><td><a href="#m0">testAddDocument</a></td><td rowspan="1">1583830172102</td><td rowspan="1">10</td></tr></tbody><tbody id="t1"><tr><th colspan="4">test_CaseCreation &#8212; failed (configuration methods)</th></tr><tr class="failedeven"><td rowspan="1">TestPatrixmaven.TestcaseCreation</td><td><a href="#m1">testAfterSuite</a></td><td rowspan="1">1583830226016</td><td rowspan="1">3123</td></tr><tr><th colspan="4">test_CaseCreation &#8212; failed</th></tr><tr class="failedeven"><td rowspan="1">TestPatrixmaven.TestcaseCreation</td><td><a href="#m2">testCaseCreation</a></td><td rowspan="1">1583830184426</td><td rowspan="1">41589</td></tr></tbody><tbody id="t2"><tr><th colspan="4">test_DocumentPreview &#8212; passed</th></tr><tr class="passedeven"><td rowspan="1">TestPatrixmaven.TestDocumentPreview</td><td><a href="#m3">testDocumentPreview</a></td><td rowspan="1">1583830240752</td><td rowspan="1">14973</td></tr></tbody></table><h2>test_AddDocument</h2><h3 id="m0">TestPatrixmaven.TestAddDocument#testAddDocument</h3><table class="result"><tr><th>Exception</th></tr><tr><td><div class="stacktrace">java.lang.NullPointerException
	at TestPatrixmavenSupport.Log.startTestCase(Log.java:23)
	at TestPatrixmaven.TestAddDocument.testAddDocument(TestAddDocument.java:20)
... Removed 25 stack frames</div></td></tr></table><p class="totop"><a href="#summary">back to summary</a></p><h2>test_CaseCreation</h2><h3 id="m1">TestPatrixmaven.TestcaseCreation#testAfterSuite</h3><table class="result"><tr><th>Exception</th></tr><tr><td><div class="stacktrace">org.openqa.selenium.ElementClickInterceptedException: element click intercepted: Element &lt;span class=&quot;trish-icon-button-wrap&quot;&gt;...&lt;/span&gt; is not clickable at point (1874, 36). Other element would receive the click: &lt;div class=&quot;v-window-modalitycurtain&quot; style=&quot;z-index: 10001;&quot;&gt;&lt;/div&gt;
  (Session info: chrome=80.0.3987.132)
Build info: version: &apos;3.141.59&apos;, revision: &apos;e82be7d358&apos;, time: &apos;2018-11-14T08:25:53&apos;
System info: host: &apos;ZS-DSK-0014&apos;, ip: &apos;192.168.0.226&apos;, os.name: &apos;Windows 10&apos;, os.arch: &apos;amd64&apos;, os.version: &apos;10.0&apos;, java.version: &apos;1.8.0_231&apos;
Driver info: org.openqa.selenium.chrome.ChromeDriver
Capabilities {acceptInsecureCerts: false, browserName: chrome, browserVersion: 80.0.3987.132, chrome: {chromedriverVersion: 80.0.3987.106 (f68069574609..., userDataDir: C:\Users\SELVAM~1.ZUC\AppDa...}, goog:chromeOptions: {debuggerAddress: localhost:54382}, javascriptEnabled: true, networkConnectionEnabled: false, pageLoadStrategy: normal, platform: WINDOWS, platformName: WINDOWS, proxy: Proxy(), setWindowRect: true, strictFileInteractability: false, timeouts: {implicit: 0, pageLoad: 300000, script: 30000}, unhandledPromptBehavior: dismiss and notify}
Session ID: d724be5782dd48ca8dacb822131cbc5c
	at org.openqa.selenium.remote.http.W3CHttpResponseCodec.createException(W3CHttpResponseCodec.java:187)
	at org.openqa.selenium.remote.http.W3CHttpResponseCodec.decode(W3CHttpResponseCodec.java:122)
	at org.openqa.selenium.remote.http.W3CHttpResponseCodec.decode(W3CHttpResponseCodec.java:49)
	at org.openqa.selenium.remote.HttpCommandExecutor.execute(HttpCommandExecutor.java:158)
	at org.openqa.selenium.remote.service.DriverCommandExecutor.execute(DriverCommandExecutor.java:83)
	at org.openqa.selenium.remote.RemoteWebDriver.execute(RemoteWebDriver.java:552)
	at org.openqa.selenium.remote.RemoteWebElement.execute(RemoteWebElement.java:285)
	at org.openqa.selenium.remote.RemoteWebElement.click(RemoteWebElement.java:84)
	at org.openqa.selenium.support.pagefactory.internal.LocatingElementHandler.invoke(LocatingElementHandler.java:51)
	at com.sun.proxy.$Proxy11.click(Unknown Source)
	at TestPatrixmaven.webAction.closeDriver(webAction.java:111)
	at TestPatrixmaven.TestcaseCreation.testAfterSuite(TestcaseCreation.java:50)
... Removed 33 stack frames</div></td></tr></table><p class="totop"><a href="#summary">back to summary</a></p><h3 id="m2">TestPatrixmaven.TestcaseCreation#testCaseCreation</h3><table class="result"><tr><th>Exception</th></tr><tr><td><div class="stacktrace">java.lang.AssertionError: Case not created
	at TestPatrixmaven.CaseCreation.caseCreation(CaseCreation.java:99)
	at TestPatrixmaven.TestcaseCreation.testCaseCreation(TestcaseCreation.java:36)
... Removed 26 stack frames</div></td></tr></table><p class="totop"><a href="#summary">back to summary</a></p><h2>test_DocumentPreview</h2><h3 id="m3">TestPatrixmaven.TestDocumentPreview#testDocumentPreview</h3><table class="result"></table><p class="totop"><a href="#summary">back to summary</a></p></body></html>