<?xml version="1.0" encoding="UTF-8"?>
<!-- Generated by org.testng.reporters.JUnitXMLReporter -->
<testsuite hostname="ZS-DSK-0014" ignored="3" name="test_CaseCreation" tests="4" failures="0" timestamp="13 Mar 2020 09:38:18 GMT" time="0.111" errors="0">
  <testcase name="@BeforeClass testBeforeClass" time="0.079" classname="test.TestcaseCreation">
    <failure type="java.lang.AssertionError" message="Could not open the browser">
      <![CDATA[java.lang.AssertionError: Could not open the browser
	at pages.webAction.launchDriver(webAction.java:146)
	at pages.webAction.before_Class(webAction.java:102)
	at test.TestcaseCreation.testBeforeClass(TestcaseCreation.java:16)
... Removed 26 stack frames]]>
    </failure>
  </testcase> <!-- @BeforeClass testBeforeClass -->
  <testcase name="@AfterClass testAfterClass" time="0.0" classname="test.TestcaseCreation">
    <skipped/>
  </testcase> <!-- @AfterClass testAfterClass -->
  <testcase name="@BeforeClass testBeforeClass" time="0.003" classname="test.TestAddDocument">
    <failure type="java.lang.AssertionError" message="Could not open the browser">
      <![CDATA[java.lang.AssertionError: Could not open the browser
	at pages.webAction.launchDriver(webAction.java:146)
	at pages.webAction.before_Class(webAction.java:102)
	at test.TestAddDocument.testBeforeClass(TestAddDocument.java:16)
... Removed 26 stack frames]]>
    </failure>
  </testcase> <!-- @BeforeClass testBeforeClass -->
  <testcase name="@AfterClass testAfterClass" time="0.0" classname="test.TestAddDocument">
    <skipped/>
  </testcase> <!-- @AfterClass testAfterClass -->
  <testcase name="@BeforeClass testBeforeClass" time="0.004" classname="test.TestDocumentPreview">
    <failure type="java.lang.AssertionError" message="Could not open the browser">
      <![CDATA[java.lang.AssertionError: Could not open the browser
	at pages.webAction.launchDriver(webAction.java:146)
	at pages.webAction.before_Class(webAction.java:102)
	at test.TestDocumentPreview.testBeforeClass(TestDocumentPreview.java:16)
... Removed 26 stack frames]]>
    </failure>
  </testcase> <!-- @BeforeClass testBeforeClass -->
  <testcase name="@AfterClass testAfterClass" time="0.0" classname="test.TestDocumentPreview">
    <skipped/>
  </testcase> <!-- @AfterClass testAfterClass -->
  <testcase name="@BeforeClass testBeforeClass" time="0.003" classname="test.TestSearchforNegativeCase">
    <failure type="java.lang.AssertionError" message="Could not open the browser">
      <![CDATA[java.lang.AssertionError: Could not open the browser
	at pages.webAction.launchDriver(webAction.java:146)
	at pages.webAction.before_Class(webAction.java:102)
	at test.TestSearchforNegativeCase.testBeforeClass(TestSearchforNegativeCase.java:15)
... Removed 26 stack frames]]>
    </failure>
  </testcase> <!-- @BeforeClass testBeforeClass -->
  <testcase name="@AfterClass testAfterClass" time="0.0" classname="test.TestSearchforNegativeCase">
    <skipped/>
  </testcase> <!-- @AfterClass testAfterClass -->
  <testcase name="testCaseCreation" time="0.0" classname="test.TestcaseCreation">
    <skipped/>
  </testcase> <!-- testCaseCreation -->
  <testcase name="testAddDocument" time="0.0" classname="test.TestAddDocument">
    <skipped/>
  </testcase> <!-- testAddDocument -->
  <testcase name="testDocumentPreview" time="0.001" classname="test.TestDocumentPreview">
    <skipped/>
  </testcase> <!-- testDocumentPreview -->
  <testcase name="testSearchCase" time="0.0" classname="test.TestSearchforNegativeCase">
    <skipped/>
  </testcase> <!-- testSearchCase -->
  <testcase name="@BeforeSuite before_suite" time="0.0" classname="pages.webAction">
    <ignored/>
  </testcase> <!-- @BeforeSuite before_suite -->
  <testcase name="@BeforeSuite before_suite" time="0.0" classname="pages.webAction">
    <ignored/>
  </testcase> <!-- @BeforeSuite before_suite -->
  <testcase name="@BeforeSuite before_suite" time="0.0" classname="pages.webAction">
    <ignored/>
  </testcase> <!-- @BeforeSuite before_suite -->
</testsuite> <!-- test_CaseCreation -->
