<?xml version="1.0" encoding="UTF-8"?>
<!-- Generated by org.testng.reporters.JUnitReportReporter -->
<testsuite skipped="1" hostname="ZS-DSK-0014" name="test.TestAddDocument" tests="2" failures="1" timestamp="27 Apr 2020 12:34:11 GMT" time="67.983" errors="0">
  <testcase name="testBeforeClass" time="67.982" classname="test.TestAddDocument">
    <failure type="java.lang.AssertionError" message=" Could not navigate to the Application Login page">
      <![CDATA[java.lang.AssertionError:  Could not navigate to the Application Login page
	at org.testng.Assert.fail(Assert.java:93)
	at pages.webAction.getUrl(webAction.java:189)
	at pages.webAction.before_Class(webAction.java:123)
	at test.TestAddDocument.testBeforeClass(TestAddDocument.java:16)
	at sun.reflect.NativeMethodAccessorImpl.invoke0(Native Method)
	at sun.reflect.NativeMethodAccessorImpl.invoke(Unknown Source)
	at sun.reflect.DelegatingMethodAccessorImpl.invoke(Unknown Source)
	at java.lang.reflect.Method.invoke(Unknown Source)
	at org.testng.internal.MethodInvocationHelper.invokeMethod(MethodInvocationHelper.java:108)
	at org.testng.internal.Invoker.invokeConfigurationMethod(Invoker.java:523)
	at org.testng.internal.Invoker.invokeConfigurations(Invoker.java:224)
	at org.testng.internal.Invoker.invokeConfigurations(Invoker.java:146)
	at org.testng.internal.TestMethodWorker.invokeBeforeClassMethods(TestMethodWorker.java:166)
	at org.testng.internal.TestMethodWorker.run(TestMethodWorker.java:105)
	at org.testng.TestRunner.privateRun(TestRunner.java:744)
	at org.testng.TestRunner.run(TestRunner.java:602)
	at org.testng.SuiteRunner.runTest(SuiteRunner.java:380)
	at org.testng.SuiteRunner.runSequentially(SuiteRunner.java:375)
	at org.testng.SuiteRunner.privateRun(SuiteRunner.java:340)
	at org.testng.SuiteRunner.run(SuiteRunner.java:289)
	at org.testng.SuiteRunnerWorker.runSuite(SuiteRunnerWorker.java:52)
	at org.testng.SuiteRunnerWorker.run(SuiteRunnerWorker.java:86)
	at org.testng.TestNG.runSuitesSequentially(TestNG.java:1301)
	at org.testng.TestNG.runSuitesLocally(TestNG.java:1226)
	at org.testng.TestNG.runSuites(TestNG.java:1144)
	at org.testng.TestNG.run(TestNG.java:1115)
	at test.PatriciaTestNGXML.xml(PatriciaTestNGXML.java:146)
	at test.PatriciaTestNGXML.main(PatriciaTestNGXML.java:153)
]]>
    </failure>
  </testcase> <!-- testBeforeClass -->
  <testcase name="testAddDocument" time="0.001" classname="test.TestAddDocument">
    <skipped/>
  </testcase> <!-- testAddDocument -->
</testsuite> <!-- test.TestAddDocument -->
